d:\program\final\dungeon\dungeon\x64\debug\vc143.pdb
d:\program\final\dungeon\dungeon\x64\debug\vc143.idb
d:\program\final\dungeon\dungeon\x64\debug\zombie.obj
d:\program\final\dungeon\dungeon\x64\debug\trigger.obj
d:\program\final\dungeon\dungeon\x64\debug\sword.obj
d:\program\final\dungeon\dungeon\x64\debug\position.obj
d:\program\final\dungeon\dungeon\x64\debug\main.obj
d:\program\final\dungeon\dungeon\x64\debug\item.obj
d:\program\final\dungeon\dungeon\x64\debug\hero.obj
d:\program\final\dungeon\dungeon\x64\debug\healthpotion.obj
d:\program\final\dungeon\dungeon\x64\debug\ghost.obj
d:\program\final\dungeon\dungeon\x64\debug\creature.obj
d:\program\final\dungeon\x64\debug\dungeon.pdb
d:\program\final\dungeon\dungeon\x64\debug\dungeon.tlog\cl.command.1.tlog
d:\program\final\dungeon\dungeon\x64\debug\dungeon.tlog\cl.items.tlog
d:\program\final\dungeon\dungeon\x64\debug\dungeon.tlog\cl.read.1.tlog
d:\program\final\dungeon\dungeon\x64\debug\dungeon.tlog\cl.write.1.tlog
d:\program\final\dungeon\dungeon\x64\debug\dungeon.tlog\link.command.1.tlog
d:\program\final\dungeon\dungeon\x64\debug\dungeon.tlog\link.read.1.tlog
d:\program\final\dungeon\dungeon\x64\debug\dungeon.tlog\link.write.1.tlog
